[06-Mar-2023 14:27:12] NOTICE: fpm is running, pid 1538
[06-Mar-2023 14:27:12] NOTICE: ready to handle connections
[07-Mar-2023 22:23:20] NOTICE: Terminating ...
[07-Mar-2023 22:23:20] NOTICE: Terminating ...
[07-Mar-2023 22:23:20] NOTICE: exiting, bye-bye!
[11-Mar-2023 15:28:33] NOTICE: fpm is running, pid 3669
[11-Mar-2023 15:28:33] NOTICE: ready to handle connections
[12-Mar-2023 23:21:43] NOTICE: Terminating ...
[12-Mar-2023 23:21:43] NOTICE: Terminating ...
[12-Mar-2023 23:21:43] NOTICE: exiting, bye-bye!
[13-Mar-2023 22:11:29] NOTICE: fpm is running, pid 1365
[13-Mar-2023 22:11:29] NOTICE: ready to handle connections
[13-Mar-2023 23:08:18] NOTICE: Terminating ...
[13-Mar-2023 23:08:18] NOTICE: Terminating ...
[13-Mar-2023 23:08:18] NOTICE: exiting, bye-bye!
[14-Mar-2023 20:45:17] NOTICE: fpm is running, pid 860
[14-Mar-2023 20:45:17] NOTICE: ready to handle connections
[14-Mar-2023 22:53:06] NOTICE: Terminating ...
[14-Mar-2023 22:53:06] NOTICE: Terminating ...
[14-Mar-2023 22:53:06] NOTICE: exiting, bye-bye!
[16-Mar-2023 15:08:06] NOTICE: fpm is running, pid 1160
[16-Mar-2023 15:08:06] NOTICE: ready to handle connections
[18-Mar-2023 23:44:43] NOTICE: Terminating ...
[18-Mar-2023 23:44:43] NOTICE: Terminating ...
[18-Mar-2023 23:44:43] NOTICE: exiting, bye-bye!
[20-Mar-2023 14:19:01] NOTICE: fpm is running, pid 1082
[20-Mar-2023 14:19:01] NOTICE: ready to handle connections
[20-Mar-2023 23:05:38] NOTICE: Terminating ...
[20-Mar-2023 23:05:38] NOTICE: Terminating ...
[20-Mar-2023 23:05:38] NOTICE: exiting, bye-bye!
[21-Mar-2023 11:47:52] NOTICE: fpm is running, pid 1037
[21-Mar-2023 11:47:52] NOTICE: ready to handle connections
[23-Mar-2023 18:05:56] NOTICE: Terminating ...
[23-Mar-2023 18:05:56] NOTICE: Terminating ...
[23-Mar-2023 18:05:56] NOTICE: exiting, bye-bye!
[24-Mar-2023 11:51:35] NOTICE: fpm is running, pid 796
[24-Mar-2023 11:51:35] NOTICE: ready to handle connections
[24-Mar-2023 18:25:17] NOTICE: Terminating ...
[24-Mar-2023 18:25:17] NOTICE: Terminating ...
[24-Mar-2023 18:25:17] NOTICE: exiting, bye-bye!
[27-Mar-2023 21:18:02] NOTICE: fpm is running, pid 2636
[27-Mar-2023 21:18:02] NOTICE: ready to handle connections
[27-Mar-2023 22:36:31] NOTICE: Terminating ...
[27-Mar-2023 22:36:31] NOTICE: Terminating ...
[27-Mar-2023 22:36:31] NOTICE: exiting, bye-bye!
[28-Mar-2023 23:11:10] NOTICE: fpm is running, pid 936
[28-Mar-2023 23:11:10] NOTICE: ready to handle connections
[28-Mar-2023 23:15:55] NOTICE: Terminating ...
[28-Mar-2023 23:15:55] NOTICE: Terminating ...
[28-Mar-2023 23:15:55] NOTICE: exiting, bye-bye!
[29-Mar-2023 22:57:44] NOTICE: fpm is running, pid 886
[29-Mar-2023 22:57:44] NOTICE: ready to handle connections
[30-Mar-2023 01:07:11] NOTICE: Terminating ...
[30-Mar-2023 01:07:11] NOTICE: Terminating ...
[30-Mar-2023 01:07:11] NOTICE: exiting, bye-bye!
[30-Mar-2023 21:34:03] NOTICE: fpm is running, pid 661
[30-Mar-2023 21:34:03] NOTICE: ready to handle connections
[30-Mar-2023 22:59:22] NOTICE: Terminating ...
[30-Mar-2023 22:59:22] NOTICE: Terminating ...
[30-Mar-2023 22:59:22] NOTICE: exiting, bye-bye!
[01-Apr-2023 16:39:15] NOTICE: fpm is running, pid 826
[01-Apr-2023 16:39:15] NOTICE: ready to handle connections
[03-Apr-2023 00:15:06] NOTICE: Terminating ...
[03-Apr-2023 00:15:06] NOTICE: Terminating ...
[03-Apr-2023 00:15:06] NOTICE: exiting, bye-bye!
[03-Apr-2023 14:36:18] NOTICE: fpm is running, pid 665
[03-Apr-2023 14:36:18] NOTICE: ready to handle connections
[03-Apr-2023 23:23:06] NOTICE: Terminating ...
[03-Apr-2023 23:23:06] NOTICE: Terminating ...
[03-Apr-2023 23:23:06] NOTICE: exiting, bye-bye!
[05-Apr-2023 09:52:52] NOTICE: fpm is running, pid 1171
[05-Apr-2023 09:52:52] NOTICE: ready to handle connections
[09-Apr-2023 19:35:53] NOTICE: Terminating ...
[09-Apr-2023 19:35:53] NOTICE: Terminating ...
[09-Apr-2023 19:35:53] NOTICE: exiting, bye-bye!
[10-Apr-2023 11:52:37] NOTICE: fpm is running, pid 681
[10-Apr-2023 11:52:37] NOTICE: ready to handle connections
